<?xml version="1.0" encoding="UTF-8"?>
<!-- Generated by org.testng.reporters.JUnitReportReporter -->
<testsuite hostname="sangram-HP" name="com.Wordpress.testcases.Verifywordpresslogin" tests="1" failures="0" timestamp="23 Dec 2015 16:44:02 GMT" time="138.062" errors="0">
  <testcase name="verifyLogin" time="138.062" classname="com.Wordpress.testcases.Verifywordpresslogin"/>
</testsuite> <!-- com.Wordpress.testcases.Verifywordpresslogin -->
